<?xml version="1.0" encoding="UTF-8"?>
<!-- Generated by org.testng.reporters.JUnitReportReporter -->
<testsuite hostname="Surendras-MacBook-Air.local" failures="0" tests="1" name="testNgDemo.DataProviderDemo" time="0.004" errors="0" timestamp="2023-01-29T12:35:02 IST" skipped="0">
  <testcase classname="testNgDemo.DataProviderDemo" name="Test3" time="0.004"/>
  <system-out/>
</testsuite> <!-- testNgDemo.DataProviderDemo -->
